<?xml version="1.0" encoding="UTF-8"?>
<!-- Generated by org.testng.reporters.JUnitXMLReporter -->
<testsuite ignored="0" hostname="IND-CHN-LT11307" failures="0" tests="2" name="Error validation test" time="17.97" errors="0" timestamp="2024-02-16T07:27:18 IST">
  <testcase classname="Rahulshettyacademy.tests.ErrorValidation" name="Itemexists" time="6.223"/>
  <testcase classname="Rahulshettyacademy.tests.ErrorValidation" name="LoginError" time="1.235"/>
</testsuite> <!-- Error validation test -->
