<?xml version="1.0" encoding="UTF-8"?>
<!-- Generated by org.testng.reporters.JUnitXMLReporter -->
<testsuite ignored="2" hostname="IND-CHN-LT11307" failures="0" tests="0" time="0.023" errors="0" timestamp="2024-02-16T07:27:00 IST">
  <testcase classname="Rahulshettyacademy.tests.SubmitOrder" name="submitorder" time="0.0">
    <ignored/>
  </testcase> <!-- submitorder -->
  <testcase classname="Rahulshettyacademy.tests.SubmitOrder" name="Orderlist" time="0.0">
    <ignored/>
  </testcase> <!-- Orderlist -->
</testsuite>
