<?xml version="1.0" encoding="UTF-8"?>
<testng-results ignored="0" total="2" passed="2" failed="0" skipped="0">
  <reporter-output>
  </reporter-output>
  <suite started-at="2024-02-16T07:27:00 IST" name="Suite" finished-at="2024-02-16T07:27:18 IST" duration-ms="17970">
    <groups>
      <group name="Errorvalidation">
        <method signature="ErrorValidation.Itemexists()[pri:0, instance:Rahulshettyacademy.tests.ErrorValidation@9597028]" name="Itemexists" class="Rahulshettyacademy.tests.ErrorValidation"/>
        <method signature="ErrorValidation.LoginError()[pri:0, instance:Rahulshettyacademy.tests.ErrorValidation@9597028]" name="LoginError" class="Rahulshettyacademy.tests.ErrorValidation"/>
      </group> <!-- Errorvalidation -->
    </groups>
    <test started-at="2024-02-16T07:27:00 IST" name="Submit order test" finished-at="2024-02-16T07:27:00 IST" duration-ms="23">
    </test> <!-- Submit order test -->
    <test started-at="2024-02-16T07:27:00 IST" name="Error validation test" finished-at="2024-02-16T07:27:18 IST" duration-ms="17970">
      <class name="Rahulshettyacademy.tests.ErrorValidation">
        <test-method is-config="true" signature="launchapplication()[pri:0, instance:Rahulshettyacademy.tests.ErrorValidation@9597028]" started-at="2024-02-16T07:27:00 IST" name="launchapplication" finished-at="2024-02-16T07:27:05 IST" duration-ms="5609" status="PASS">
          <reporter-output>
          </reporter-output>
        </test-method> <!-- launchapplication -->
        <test-method signature="Itemexists()[pri:0, instance:Rahulshettyacademy.tests.ErrorValidation@9597028]" started-at="2024-02-16T07:27:05 IST" name="Itemexists" finished-at="2024-02-16T07:27:12 IST" duration-ms="6223" status="PASS">
          <reporter-output>
          </reporter-output>
        </test-method> <!-- Itemexists -->
        <test-method is-config="true" signature="closedriver()[pri:0, instance:Rahulshettyacademy.tests.ErrorValidation@9597028]" started-at="2024-02-16T07:27:12 IST" name="closedriver" finished-at="2024-02-16T07:27:12 IST" duration-ms="44" status="PASS">
          <reporter-output>
          </reporter-output>
        </test-method> <!-- closedriver -->
        <test-method is-config="true" signature="launchapplication()[pri:0, instance:Rahulshettyacademy.tests.ErrorValidation@9597028]" started-at="2024-02-16T07:27:12 IST" name="launchapplication" finished-at="2024-02-16T07:27:16 IST" duration-ms="4694" status="PASS">
          <reporter-output>
          </reporter-output>
        </test-method> <!-- launchapplication -->
        <test-method signature="LoginError()[pri:0, instance:Rahulshettyacademy.tests.ErrorValidation@9597028]" started-at="2024-02-16T07:27:16 IST" name="LoginError" finished-at="2024-02-16T07:27:18 IST" duration-ms="1235" status="PASS">
          <reporter-output>
          </reporter-output>
        </test-method> <!-- LoginError -->
        <test-method is-config="true" signature="closedriver()[pri:0, instance:Rahulshettyacademy.tests.ErrorValidation@9597028]" started-at="2024-02-16T07:27:18 IST" name="closedriver" finished-at="2024-02-16T07:27:18 IST" duration-ms="73" status="PASS">
          <reporter-output>
          </reporter-output>
        </test-method> <!-- closedriver -->
      </class> <!-- Rahulshettyacademy.tests.ErrorValidation -->
    </test> <!-- Error validation test -->
  </suite> <!-- Suite -->
</testng-results>
