<?xml version="1.0" encoding="UTF-8"?>
<testng-results ignored="0" total="2" passed="2" failed="0" skipped="0">
  <reporter-output>
  </reporter-output>
  <suite started-at="2024-02-17T08:29:37 IST" name="Suite" finished-at="2024-02-17T08:29:55 IST" duration-ms="17390">
    <groups>
      <group name="Errorvalidation">
        <method signature="ErrorValidation.Itemexists()[pri:0, instance:Rahulshettyacademy.tests.ErrorValidation@7ac0e420]" name="Itemexists" class="Rahulshettyacademy.tests.ErrorValidation"/>
        <method signature="ErrorValidation.LoginError()[pri:0, instance:Rahulshettyacademy.tests.ErrorValidation@7ac0e420]" name="LoginError" class="Rahulshettyacademy.tests.ErrorValidation"/>
      </group> <!-- Errorvalidation -->
    </groups>
    <test started-at="2024-02-17T08:29:37 IST" name="Error validation test" finished-at="2024-02-17T08:29:55 IST" duration-ms="17390">
      <class name="Rahulshettyacademy.tests.ErrorValidation">
        <test-method is-config="true" signature="launchapplication()[pri:0, instance:Rahulshettyacademy.tests.ErrorValidation@7ac0e420]" started-at="2024-02-17T08:29:37 IST" name="launchapplication" finished-at="2024-02-17T08:29:43 IST" duration-ms="5567" status="PASS">
          <reporter-output>
          </reporter-output>
        </test-method> <!-- launchapplication -->
        <test-method signature="Itemexists()[pri:0, instance:Rahulshettyacademy.tests.ErrorValidation@7ac0e420]" started-at="2024-02-17T08:29:43 IST" name="Itemexists" finished-at="2024-02-17T08:29:49 IST" duration-ms="6352" status="PASS">
          <reporter-output>
          </reporter-output>
        </test-method> <!-- Itemexists -->
        <test-method is-config="true" signature="closedriver()[pri:0, instance:Rahulshettyacademy.tests.ErrorValidation@7ac0e420]" started-at="2024-02-17T08:29:49 IST" name="closedriver" finished-at="2024-02-17T08:29:49 IST" duration-ms="154" status="PASS">
          <reporter-output>
          </reporter-output>
        </test-method> <!-- closedriver -->
        <test-method is-config="true" signature="launchapplication()[pri:0, instance:Rahulshettyacademy.tests.ErrorValidation@7ac0e420]" started-at="2024-02-17T08:29:49 IST" name="launchapplication" finished-at="2024-02-17T08:29:54 IST" duration-ms="4295" status="PASS">
          <reporter-output>
          </reporter-output>
        </test-method> <!-- launchapplication -->
        <test-method signature="LoginError()[pri:0, instance:Rahulshettyacademy.tests.ErrorValidation@7ac0e420]" started-at="2024-02-17T08:29:54 IST" name="LoginError" finished-at="2024-02-17T08:29:54 IST" duration-ms="735" status="PASS">
          <reporter-output>
          </reporter-output>
        </test-method> <!-- LoginError -->
        <test-method is-config="true" signature="closedriver()[pri:0, instance:Rahulshettyacademy.tests.ErrorValidation@7ac0e420]" started-at="2024-02-17T08:29:54 IST" name="closedriver" finished-at="2024-02-17T08:29:55 IST" duration-ms="173" status="PASS">
          <reporter-output>
          </reporter-output>
        </test-method> <!-- closedriver -->
      </class> <!-- Rahulshettyacademy.tests.ErrorValidation -->
    </test> <!-- Error validation test -->
  </suite> <!-- Suite -->
</testng-results>
